{
"contracts/HolyDogs.sol":{"l":{"40":0,"41":0,"42":0,"43":0,"44":0,"48":0,"49":0,"53":0,"54":0,"55":0,"60":0,"65":0,"66":0,"71":0,"72":0,"73":0,"74":0,"75":0,"76":0,"80":0,"81":0,"82":0,"87":0,"88":0,"89":0,"90":0,"91":0,"96":0,"97":0,"101":0,"105":0,"113":0},"path":"/home/ubox134/holydogs/contracts/HolyDogs.sol","s":{"1":0,"2":0,"3":0,"4":0,"5":0,"6":0,"7":0,"8":0,"9":0,"10":0,"11":0,"12":0,"13":0,"14":0,"15":0,"16":0,"17":0,"18":0,"19":0,"20":0,"21":0,"22":0,"23":0,"24":0,"25":0,"26":0,"27":0,"28":0,"29":0,"30":0},"b":{"1":[0,0],"2":[0,0],"3":[0,0],"4":[0,0],"5":[0,0],"6":[0,0],"7":[0,0],"8":[0,0],"9":[0,0],"10":[0,0]},"f":{"1":0,"2":0,"3":0,"4":0,"5":0,"6":0,"7":0,"8":0,"9":0,"10":0,"11":0,"12":0},"fnMap":{"1":{"name":"constructor","line":39,"loc":{"start":{"line":32,"column":4},"end":{"line":45,"column":4}}},"2":{"name":"updateBaseURI","line":47,"loc":{"start":{"line":47,"column":4},"end":{"line":50,"column":4}}},"3":{"name":"updateEndTime","line":52,"loc":{"start":{"line":52,"column":4},"end":{"line":56,"column":4}}},"4":{"name":"uri","line":58,"loc":{"start":{"line":58,"column":4},"end":{"line":61,"column":4}}},"5":{"name":"updateMintPrice","line":63,"loc":{"start":{"line":63,"column":4},"end":{"line":67,"column":4}}},"6":{"name":"mint","line":69,"loc":{"start":{"line":69,"column":4},"end":{"line":77,"column":4}}},"7":{"name":"airDrop","line":79,"loc":{"start":{"line":79,"column":4},"end":{"line":84,"column":4}}},"8":{"name":"airDrop","line":86,"loc":{"start":{"line":86,"column":4},"end":{"line":93,"column":4}}},"9":{"name":"withdraw","line":95,"loc":{"start":{"line":95,"column":4},"end":{"line":98,"column":4}}},"10":{"name":"pause","line":100,"loc":{"start":{"line":100,"column":4},"end":{"line":102,"column":4}}},"11":{"name":"unpause","line":104,"loc":{"start":{"line":104,"column":4},"end":{"line":106,"column":4}}},"12":{"name":"_beforeTokenTransfer","line":110,"loc":{"start":{"line":108,"column":4},"end":{"line":114,"column":4}}}},"statementMap":{"1":{"start":{"line":40,"column":8},"end":{"line":40,"column":19}},"2":{"start":{"line":41,"column":8},"end":{"line":41,"column":23}},"3":{"start":{"line":42,"column":8},"end":{"line":42,"column":33}},"4":{"start":{"line":43,"column":8},"end":{"line":43,"column":21}},"5":{"start":{"line":44,"column":8},"end":{"line":44,"column":29}},"6":{"start":{"line":48,"column":8},"end":{"line":48,"column":158}},"7":{"start":{"line":49,"column":8},"end":{"line":49,"column":27}},"8":{"start":{"line":53,"column":8},"end":{"line":53,"column":166}},"9":{"start":{"line":54,"column":8},"end":{"line":54,"column":82}},"10":{"start":{"line":55,"column":8},"end":{"line":55,"column":35}},"11":{"start":{"line":60,"column":8},"end":{"line":60,"column":69}},"12":{"start":{"line":65,"column":8},"end":{"line":65,"column":162}},"13":{"start":{"line":66,"column":8},"end":{"line":66,"column":31}},"14":{"start":{"line":71,"column":8},"end":{"line":71,"column":78}},"15":{"start":{"line":72,"column":8},"end":{"line":72,"column":82}},"16":{"start":{"line":73,"column":8},"end":{"line":73,"column":77}},"17":{"start":{"line":74,"column":8},"end":{"line":74,"column":48}},"18":{"start":{"line":76,"column":8},"end":{"line":76,"column":48}},"19":{"start":{"line":80,"column":8},"end":{"line":80,"column":78}},"20":{"start":{"line":81,"column":8},"end":{"line":81,"column":48}},"21":{"start":{"line":82,"column":8},"end":{"line":82,"column":46}},"22":{"start":{"line":87,"column":8},"end":{"line":87,"column":3088}},"23":{"start":{"line":88,"column":12},"end":{"line":88,"column":82}},"24":{"start":{"line":89,"column":12},"end":{"line":89,"column":52}},"25":{"start":{"line":91,"column":12},"end":{"line":91,"column":50}},"26":{"start":{"line":96,"column":8},"end":{"line":96,"column":84}},"27":{"start":{"line":97,"column":8},"end":{"line":97,"column":40}},"28":{"start":{"line":101,"column":8},"end":{"line":101,"column":15}},"29":{"start":{"line":105,"column":8},"end":{"line":105,"column":17}},"30":{"start":{"line":113,"column":8},"end":{"line":113,"column":73}}},"branchMap":{"1":{"line":48,"type":"if","locations":[{"start":{"line":48,"column":8},"end":{"line":48,"column":8}},{"start":{"line":48,"column":8},"end":{"line":48,"column":8}}]},"2":{"line":53,"type":"if","locations":[{"start":{"line":53,"column":8},"end":{"line":53,"column":8}},{"start":{"line":53,"column":8},"end":{"line":53,"column":8}}]},"3":{"line":54,"type":"if","locations":[{"start":{"line":54,"column":8},"end":{"line":54,"column":8}},{"start":{"line":54,"column":8},"end":{"line":54,"column":8}}]},"4":{"line":65,"type":"if","locations":[{"start":{"line":65,"column":8},"end":{"line":65,"column":8}},{"start":{"line":65,"column":8},"end":{"line":65,"column":8}}]},"5":{"line":71,"type":"if","locations":[{"start":{"line":71,"column":8},"end":{"line":71,"column":8}},{"start":{"line":71,"column":8},"end":{"line":71,"column":8}}]},"6":{"line":72,"type":"if","locations":[{"start":{"line":72,"column":8},"end":{"line":72,"column":8}},{"start":{"line":72,"column":8},"end":{"line":72,"column":8}}]},"7":{"line":73,"type":"if","locations":[{"start":{"line":73,"column":8},"end":{"line":73,"column":8}},{"start":{"line":73,"column":8},"end":{"line":73,"column":8}}]},"8":{"line":80,"type":"if","locations":[{"start":{"line":80,"column":8},"end":{"line":80,"column":8}},{"start":{"line":80,"column":8},"end":{"line":80,"column":8}}]},"9":{"line":88,"type":"if","locations":[{"start":{"line":88,"column":12},"end":{"line":88,"column":12}},{"start":{"line":88,"column":12},"end":{"line":88,"column":12}}]},"10":{"line":96,"type":"if","locations":[{"start":{"line":96,"column":8},"end":{"line":96,"column":8}},{"start":{"line":96,"column":8},"end":{"line":96,"column":8}}]}}},
"contracts/HolyDogsUpgradeable.sol":{"l":{"41":0,"42":0,"43":0,"44":0,"45":0,"46":0,"47":0,"51":0,"56":0,"61":0,"66":0,"67":0,"68":0,"69":0,"71":0,"72":0,"73":0,"74":0,"75":0,"79":0,"80":0,"81":0,"82":0,"83":0,"84":0,"90":0,"95":0,"103":0},"path":"/home/ubox134/holydogs/contracts/HolyDogsUpgradeable.sol","s":{"1":0,"2":0,"3":0,"4":0,"5":0,"6":0,"7":0,"8":0,"9":0,"10":0,"11":0,"12":0,"13":0,"14":0,"15":0,"16":0,"17":0,"18":0,"19":0,"20":0,"21":0,"22":0,"23":0,"24":0,"25":0,"26":0,"27":0,"28":0},"b":{"1":[0,0],"2":[0,0],"3":[0,0],"4":[0,0],"5":[0,0]},"f":{"1":0,"2":0,"3":0,"4":0,"5":0,"6":0,"7":0,"8":0,"9":0},"fnMap":{"1":{"name":"initialize","line":40,"loc":{"start":{"line":37,"column":4},"end":{"line":48,"column":4}}},"2":{"name":"setURI","line":50,"loc":{"start":{"line":50,"column":4},"end":{"line":52,"column":4}}},"3":{"name":"uri","line":54,"loc":{"start":{"line":54,"column":4},"end":{"line":57,"column":4}}},"4":{"name":"setTokenPrice","line":59,"loc":{"start":{"line":59,"column":4},"end":{"line":62,"column":4}}},"5":{"name":"mint","line":64,"loc":{"start":{"line":64,"column":4},"end":{"line":76,"column":4}}},"6":{"name":"_airDrop","line":78,"loc":{"start":{"line":78,"column":4},"end":{"line":86,"column":4}}},"7":{"name":"pause","line":88,"loc":{"start":{"line":88,"column":4},"end":{"line":91,"column":4}}},"8":{"name":"unpause","line":93,"loc":{"start":{"line":93,"column":4},"end":{"line":96,"column":4}}},"9":{"name":"_beforeTokenTransfer","line":100,"loc":{"start":{"line":98,"column":4},"end":{"line":104,"column":4}}}},"statementMap":{"1":{"start":{"line":41,"column":8},"end":{"line":41,"column":25}},"2":{"start":{"line":42,"column":8},"end":{"line":42,"column":23}},"3":{"start":{"line":43,"column":8},"end":{"line":43,"column":24}},"4":{"start":{"line":44,"column":8},"end":{"line":44,"column":29}},"5":{"start":{"line":45,"column":8},"end":{"line":45,"column":28}},"6":{"start":{"line":46,"column":8},"end":{"line":46,"column":32}},"7":{"start":{"line":47,"column":8},"end":{"line":47,"column":33}},"8":{"start":{"line":51,"column":8},"end":{"line":51,"column":23}},"9":{"start":{"line":56,"column":8},"end":{"line":56,"column":80}},"10":{"start":{"line":61,"column":8},"end":{"line":61,"column":28}},"11":{"start":{"line":66,"column":8},"end":{"line":66,"column":29}},"12":{"start":{"line":67,"column":8},"end":{"line":67,"column":68}},"13":{"start":{"line":68,"column":8},"end":{"line":68,"column":2134}},"14":{"start":{"line":69,"column":12},"end":{"line":69,"column":21}},"15":{"start":{"line":71,"column":8},"end":{"line":71,"column":89}},"16":{"start":{"line":72,"column":8},"end":{"line":72,"column":89}},"17":{"start":{"line":73,"column":8},"end":{"line":73,"column":51}},"18":{"start":{"line":74,"column":8},"end":{"line":74,"column":34}},"19":{"start":{"line":75,"column":8},"end":{"line":75,"column":49}},"20":{"start":{"line":79,"column":8},"end":{"line":79,"column":57}},"21":{"start":{"line":80,"column":8},"end":{"line":80,"column":2656}},"22":{"start":{"line":81,"column":12},"end":{"line":81,"column":55}},"23":{"start":{"line":82,"column":12},"end":{"line":82,"column":38}},"24":{"start":{"line":83,"column":12},"end":{"line":83,"column":50}},"25":{"start":{"line":84,"column":12},"end":{"line":84,"column":27}},"26":{"start":{"line":90,"column":8},"end":{"line":90,"column":15}},"27":{"start":{"line":95,"column":8},"end":{"line":95,"column":17}},"28":{"start":{"line":103,"column":8},"end":{"line":103,"column":73}}},"branchMap":{"1":{"line":66,"type":"if","locations":[{"start":{"line":66,"column":8},"end":{"line":66,"column":8}},{"start":{"line":66,"column":8},"end":{"line":66,"column":8}}]},"2":{"line":67,"type":"if","locations":[{"start":{"line":67,"column":8},"end":{"line":67,"column":8}},{"start":{"line":67,"column":8},"end":{"line":67,"column":8}}]},"3":{"line":68,"type":"if","locations":[{"start":{"line":68,"column":8},"end":{"line":68,"column":8}},{"start":{"line":68,"column":8},"end":{"line":68,"column":8}}]},"4":{"line":71,"type":"if","locations":[{"start":{"line":71,"column":8},"end":{"line":71,"column":8}},{"start":{"line":71,"column":8},"end":{"line":71,"column":8}}]},"5":{"line":72,"type":"if","locations":[{"start":{"line":72,"column":8},"end":{"line":72,"column":8}},{"start":{"line":72,"column":8},"end":{"line":72,"column":8}}]}}},
"contracts/IHolyDogsUpgradeable.sol":{"l":{},"path":"/home/ubox134/holydogs/contracts/IHolyDogsUpgradeable.sol","s":{},"b":{},"f":{},"fnMap":{},"statementMap":{},"branchMap":{}},
"contracts/Random.sol":{"l":{"12":0,"13":0,"17":0,"18":0,"19":0,"23":0,"27":0,"28":0,"29":0,"30":0,"32":0,"33":0,"37":0,"45":0},"path":"/home/ubox134/holydogs/contracts/Random.sol","s":{"1":0,"2":0,"3":0,"4":0,"5":0,"6":0,"7":0,"8":0,"9":0,"10":0,"11":0,"12":0,"13":0},"b":{"1":[0,0]},"f":{"1":0,"2":0,"3":0,"4":0,"5":0},"fnMap":{"1":{"name":"constructor","line":11,"loc":{"start":{"line":11,"column":4},"end":{"line":14,"column":4}}},"2":{"name":"_getRandomNFTTokenID","line":16,"loc":{"start":{"line":16,"column":4},"end":{"line":20,"column":4}}},"3":{"name":"_getPendingAtIndex","line":22,"loc":{"start":{"line":22,"column":4},"end":{"line":24,"column":4}}},"4":{"name":"_popPendingAtIndex","line":26,"loc":{"start":{"line":26,"column":4},"end":{"line":34,"column":4}}},"5":{"name":"_getRandom","line":36,"loc":{"start":{"line":36,"column":4},"end":{"line":46,"column":4}}}},"statementMap":{"1":{"start":{"line":12,"column":8},"end":{"line":12,"column":35}},"2":{"start":{"line":13,"column":8},"end":{"line":13,"column":51}},"3":{"start":{"line":17,"column":8},"end":{"line":17,"column":57}},"4":{"start":{"line":18,"column":8},"end":{"line":18,"column":51}},"5":{"start":{"line":19,"column":8},"end":{"line":19,"column":22}},"6":{"start":{"line":23,"column":8},"end":{"line":23,"column":43}},"7":{"start":{"line":27,"column":8},"end":{"line":27,"column":52}},"8":{"start":{"line":28,"column":8},"end":{"line":28,"column":811}},"9":{"start":{"line":29,"column":12},"end":{"line":29,"column":68}},"10":{"start":{"line":30,"column":12},"end":{"line":30,"column":55}},"11":{"start":{"line":33,"column":8},"end":{"line":33,"column":22}},"12":{"start":{"line":37,"column":8},"end":{"line":37,"column":1103}},"13":{"start":{"line":45,"column":8},"end":{"line":45,"column":19}}},"branchMap":{"1":{"line":28,"type":"if","locations":[{"start":{"line":28,"column":8},"end":{"line":28,"column":8}},{"start":{"line":28,"column":8},"end":{"line":28,"column":8}}]}}}}
