TN:
SF:/home/ubox134/holydogs/contracts/HolyDogs.sol
FN:39,constructor
FN:47,updateBaseURI
FN:52,updateEndTime
FN:58,uri
FN:63,updateMintPrice
FN:69,mint
FN:79,airDrop
FN:86,airDrop
FN:95,withdraw
FN:100,pause
FN:104,unpause
FN:110,_beforeTokenTransfer
FNF:12
FNH:0
FNDA:0,constructor
FNDA:0,updateBaseURI
FNDA:0,updateEndTime
FNDA:0,uri
FNDA:0,updateMintPrice
FNDA:0,mint
FNDA:0,airDrop
FNDA:0,airDrop
FNDA:0,withdraw
FNDA:0,pause
FNDA:0,unpause
FNDA:0,_beforeTokenTransfer
DA:40,0
DA:41,0
DA:42,0
DA:43,0
DA:44,0
DA:48,0
DA:49,0
DA:53,0
DA:54,0
DA:55,0
DA:60,0
DA:65,0
DA:66,0
DA:71,0
DA:72,0
DA:73,0
DA:74,0
DA:75,0
DA:76,0
DA:80,0
DA:81,0
DA:82,0
DA:87,0
DA:88,0
DA:89,0
DA:90,0
DA:91,0
DA:96,0
DA:97,0
DA:101,0
DA:105,0
DA:113,0
LF:32
LH:0
BRDA:48,1,0,0
BRDA:48,1,1,0
BRDA:53,2,0,0
BRDA:53,2,1,0
BRDA:54,3,0,0
BRDA:54,3,1,0
BRDA:65,4,0,0
BRDA:65,4,1,0
BRDA:71,5,0,0
BRDA:71,5,1,0
BRDA:72,6,0,0
BRDA:72,6,1,0
BRDA:73,7,0,0
BRDA:73,7,1,0
BRDA:80,8,0,0
BRDA:80,8,1,0
BRDA:88,9,0,0
BRDA:88,9,1,0
BRDA:96,10,0,0
BRDA:96,10,1,0
BRF:20
BRH:0
end_of_record
TN:
SF:/home/ubox134/holydogs/contracts/HolyDogsUpgradeable.sol
FN:40,initialize
FN:50,setURI
FN:54,uri
FN:59,setTokenPrice
FN:64,mint
FN:78,_airDrop
FN:88,pause
FN:93,unpause
FN:100,_beforeTokenTransfer
FNF:9
FNH:0
FNDA:0,initialize
FNDA:0,setURI
FNDA:0,uri
FNDA:0,setTokenPrice
FNDA:0,mint
FNDA:0,_airDrop
FNDA:0,pause
FNDA:0,unpause
FNDA:0,_beforeTokenTransfer
DA:41,0
DA:42,0
DA:43,0
DA:44,0
DA:45,0
DA:46,0
DA:47,0
DA:51,0
DA:56,0
DA:61,0
DA:66,0
DA:67,0
DA:68,0
DA:69,0
DA:71,0
DA:72,0
DA:73,0
DA:74,0
DA:75,0
DA:79,0
DA:80,0
DA:81,0
DA:82,0
DA:83,0
DA:84,0
DA:90,0
DA:95,0
DA:103,0
LF:28
LH:0
BRDA:66,1,0,0
BRDA:66,1,1,0
BRDA:67,2,0,0
BRDA:67,2,1,0
BRDA:68,3,0,0
BRDA:68,3,1,0
BRDA:71,4,0,0
BRDA:71,4,1,0
BRDA:72,5,0,0
BRDA:72,5,1,0
BRF:10
BRH:0
end_of_record
TN:
SF:/home/ubox134/holydogs/contracts/IHolyDogsUpgradeable.sol
FNF:0
FNH:0
LF:0
LH:0
BRF:0
BRH:0
end_of_record
TN:
SF:/home/ubox134/holydogs/contracts/Random.sol
FN:11,constructor
FN:16,_getRandomNFTTokenID
FN:22,_getPendingAtIndex
FN:26,_popPendingAtIndex
FN:36,_getRandom
FNF:5
FNH:0
FNDA:0,constructor
FNDA:0,_getRandomNFTTokenID
FNDA:0,_getPendingAtIndex
FNDA:0,_popPendingAtIndex
FNDA:0,_getRandom
DA:12,0
DA:13,0
DA:17,0
DA:18,0
DA:19,0
DA:23,0
DA:27,0
DA:28,0
DA:29,0
DA:30,0
DA:32,0
DA:33,0
DA:37,0
DA:45,0
LF:14
LH:0
BRDA:28,1,0,0
BRDA:28,1,1,0
BRF:2
BRH:0
end_of_record
