{
"contracts/AbstractWoofGang.sol":{"l":{"19":1,"26":1},"path":"/Users/rupeshrathore/holydogs/contracts/AbstractWoofGang.sol","s":{"1":1,"2":1},"b":{},"f":{"1":1,"2":1},"fnMap":{"1":{"name":"pause","line":18,"loc":{"start":{"line":18,"column":4},"end":{"line":20,"column":4}}},"2":{"name":"unpause","line":25,"loc":{"start":{"line":25,"column":4},"end":{"line":27,"column":4}}}},"statementMap":{"1":{"start":{"line":19,"column":8},"end":{"line":19,"column":15}},"2":{"start":{"line":26,"column":8},"end":{"line":26,"column":17}}},"branchMap":{}},
"contracts/IWoofGang.sol":{"l":{},"path":"/Users/rupeshrathore/holydogs/contracts/IWoofGang.sol","s":{},"b":{},"f":{},"fnMap":{},"statementMap":{},"branchMap":{}},
"contracts/Random.sol":{"l":{"12":4,"13":4,"17":11,"18":11,"19":11,"23":5,"24":5,"25":5,"29":27,"33":16,"34":16,"35":11,"36":11,"38":16,"39":16,"43":11,"51":11},"path":"/Users/rupeshrathore/holydogs/contracts/Random.sol","s":{"1":4,"2":4,"3":11,"4":11,"5":11,"6":5,"7":5,"8":5,"9":27,"10":16,"11":16,"12":11,"13":11,"14":16,"15":11,"16":11},"b":{"1":[11,5]},"f":{"1":4,"2":11,"3":5,"4":27,"5":16,"6":11},"fnMap":{"1":{"name":"constructor","line":11,"loc":{"start":{"line":11,"column":4},"end":{"line":14,"column":4}}},"2":{"name":"_getRandomNFTTokenID","line":16,"loc":{"start":{"line":16,"column":4},"end":{"line":20,"column":4}}},"3":{"name":"_getNextRemainingTokenID","line":22,"loc":{"start":{"line":22,"column":4},"end":{"line":26,"column":4}}},"4":{"name":"_getPendingAtIndex","line":28,"loc":{"start":{"line":28,"column":4},"end":{"line":30,"column":4}}},"5":{"name":"_popPendingAtIndex","line":32,"loc":{"start":{"line":32,"column":4},"end":{"line":40,"column":4}}},"6":{"name":"_getRandom","line":42,"loc":{"start":{"line":42,"column":4},"end":{"line":52,"column":4}}}},"statementMap":{"1":{"start":{"line":12,"column":8},"end":{"line":12,"column":35}},"2":{"start":{"line":13,"column":8},"end":{"line":13,"column":51}},"3":{"start":{"line":17,"column":8},"end":{"line":17,"column":57}},"4":{"start":{"line":18,"column":8},"end":{"line":18,"column":51}},"5":{"start":{"line":19,"column":8},"end":{"line":19,"column":22}},"6":{"start":{"line":23,"column":8},"end":{"line":23,"column":38}},"7":{"start":{"line":24,"column":8},"end":{"line":24,"column":51}},"8":{"start":{"line":25,"column":8},"end":{"line":25,"column":22}},"9":{"start":{"line":29,"column":8},"end":{"line":29,"column":43}},"10":{"start":{"line":33,"column":8},"end":{"line":33,"column":52}},"11":{"start":{"line":34,"column":8},"end":{"line":34,"column":1003}},"12":{"start":{"line":35,"column":12},"end":{"line":35,"column":68}},"13":{"start":{"line":36,"column":12},"end":{"line":36,"column":55}},"14":{"start":{"line":39,"column":8},"end":{"line":39,"column":22}},"15":{"start":{"line":43,"column":8},"end":{"line":43,"column":1295}},"16":{"start":{"line":51,"column":8},"end":{"line":51,"column":19}}},"branchMap":{"1":{"line":34,"type":"if","locations":[{"start":{"line":34,"column":8},"end":{"line":34,"column":8}},{"start":{"line":34,"column":8},"end":{"line":34,"column":8}}]}}},
"contracts/WoofGang.sol":{"l":{"46":4,"47":4,"48":4,"49":4,"50":4,"59":3,"60":1,"69":5,"70":3,"71":1,"79":1,"88":3,"89":1,"97":7,"98":7,"99":5,"100":3,"102":1,"103":5,"104":5,"105":5,"106":5,"115":1,"116":1,"117":2,"118":2,"119":6,"120":6,"121":6,"122":6,"123":6,"135":5,"136":3,"137":3,"139":1,"140":5,"141":5,"142":5,"143":5,"153":5,"154":3,"155":1,"162":1,"172":16},"path":"/Users/rupeshrathore/holydogs/contracts/WoofGang.sol","s":{"1":4,"2":4,"3":4,"4":4,"5":4,"6":3,"7":1,"8":5,"9":3,"10":1,"11":1,"12":3,"13":1,"14":7,"15":7,"16":5,"17":3,"18":1,"19":5,"20":5,"21":5,"22":1,"23":1,"24":2,"25":2,"26":6,"27":6,"28":6,"29":6,"30":5,"31":3,"32":3,"33":1,"34":5,"35":5,"36":5,"37":5,"38":3,"39":1,"40":1,"41":16},"b":{"1":[1,2],"2":[3,2],"3":[1,2],"4":[1,2],"5":[7,0],"6":[5,2],"7":[3,2],"8":[1,2],"9":[1,0],"10":[2,0],"11":[6,0],"12":[3,2],"13":[3,0],"14":[1,2],"15":[3,2],"16":[1,2]},"f":{"1":4,"2":3,"3":5,"4":1,"5":3,"6":7,"7":1,"8":5,"9":5,"10":1,"11":16},"fnMap":{"1":{"name":"constructor","line":45,"loc":{"start":{"line":38,"column":4},"end":{"line":51,"column":4}}},"2":{"name":"updateBaseURI","line":57,"loc":{"start":{"line":57,"column":4},"end":{"line":61,"column":4}}},"3":{"name":"updateEndTime","line":67,"loc":{"start":{"line":67,"column":4},"end":{"line":72,"column":4}}},"4":{"name":"uri","line":77,"loc":{"start":{"line":77,"column":4},"end":{"line":80,"column":4}}},"5":{"name":"updateMintPrice","line":86,"loc":{"start":{"line":86,"column":4},"end":{"line":90,"column":4}}},"6":{"name":"mint","line":95,"loc":{"start":{"line":95,"column":4},"end":{"line":108,"column":4}}},"7":{"name":"airDrop","line":114,"loc":{"start":{"line":114,"column":4},"end":{"line":126,"column":4}}},"8":{"name":"mintRemainingToOwner","line":133,"loc":{"start":{"line":133,"column":4},"end":{"line":145,"column":4}}},"9":{"name":"withdraw","line":151,"loc":{"start":{"line":151,"column":4},"end":{"line":156,"column":4}}},"10":{"name":"balanceOfContract","line":160,"loc":{"start":{"line":160,"column":4},"end":{"line":163,"column":4}}},"11":{"name":"_beforeTokenTransfer","line":169,"loc":{"start":{"line":167,"column":4},"end":{"line":173,"column":4}}}},"statementMap":{"1":{"start":{"line":46,"column":8},"end":{"line":46,"column":19}},"2":{"start":{"line":47,"column":8},"end":{"line":47,"column":23}},"3":{"start":{"line":48,"column":8},"end":{"line":48,"column":21}},"4":{"start":{"line":49,"column":8},"end":{"line":49,"column":33}},"5":{"start":{"line":50,"column":8},"end":{"line":50,"column":29}},"6":{"start":{"line":59,"column":8},"end":{"line":59,"column":158}},"7":{"start":{"line":60,"column":8},"end":{"line":60,"column":27}},"8":{"start":{"line":69,"column":8},"end":{"line":69,"column":166}},"9":{"start":{"line":70,"column":8},"end":{"line":70,"column":82}},"10":{"start":{"line":71,"column":8},"end":{"line":71,"column":35}},"11":{"start":{"line":79,"column":8},"end":{"line":79,"column":77}},"12":{"start":{"line":88,"column":8},"end":{"line":88,"column":162}},"13":{"start":{"line":89,"column":8},"end":{"line":89,"column":31}},"14":{"start":{"line":97,"column":8},"end":{"line":97,"column":79}},"15":{"start":{"line":98,"column":8},"end":{"line":98,"column":82}},"16":{"start":{"line":99,"column":8},"end":{"line":99,"column":102}},"17":{"start":{"line":100,"column":8},"end":{"line":100,"column":88}},"18":{"start":{"line":102,"column":8},"end":{"line":102,"column":3635}},"19":{"start":{"line":103,"column":12},"end":{"line":103,"column":52}},"20":{"start":{"line":104,"column":12},"end":{"line":104,"column":53}},"21":{"start":{"line":106,"column":12},"end":{"line":106,"column":39}},"22":{"start":{"line":115,"column":8},"end":{"line":115,"column":89}},"23":{"start":{"line":116,"column":8},"end":{"line":116,"column":4330}},"24":{"start":{"line":117,"column":12},"end":{"line":117,"column":109}},"25":{"start":{"line":118,"column":12},"end":{"line":118,"column":4498}},"26":{"start":{"line":119,"column":16},"end":{"line":119,"column":87}},"27":{"start":{"line":120,"column":16},"end":{"line":120,"column":56}},"28":{"start":{"line":121,"column":16},"end":{"line":121,"column":57}},"29":{"start":{"line":123,"column":16},"end":{"line":123,"column":40}},"30":{"start":{"line":135,"column":8},"end":{"line":135,"column":88}},"31":{"start":{"line":136,"column":8},"end":{"line":136,"column":79}},"32":{"start":{"line":137,"column":8},"end":{"line":137,"column":103}},"33":{"start":{"line":139,"column":8},"end":{"line":139,"column":5452}},"34":{"start":{"line":140,"column":12},"end":{"line":140,"column":56}},"35":{"start":{"line":141,"column":12},"end":{"line":141,"column":53}},"36":{"start":{"line":143,"column":12},"end":{"line":143,"column":36}},"37":{"start":{"line":153,"column":8},"end":{"line":153,"column":84}},"38":{"start":{"line":154,"column":8},"end":{"line":154,"column":89}},"39":{"start":{"line":155,"column":8},"end":{"line":155,"column":40}},"40":{"start":{"line":162,"column":7},"end":{"line":162,"column":35}},"41":{"start":{"line":172,"column":8},"end":{"line":172,"column":73}}},"branchMap":{"1":{"line":59,"type":"if","locations":[{"start":{"line":59,"column":8},"end":{"line":59,"column":8}},{"start":{"line":59,"column":8},"end":{"line":59,"column":8}}]},"2":{"line":69,"type":"if","locations":[{"start":{"line":69,"column":8},"end":{"line":69,"column":8}},{"start":{"line":69,"column":8},"end":{"line":69,"column":8}}]},"3":{"line":70,"type":"if","locations":[{"start":{"line":70,"column":8},"end":{"line":70,"column":8}},{"start":{"line":70,"column":8},"end":{"line":70,"column":8}}]},"4":{"line":88,"type":"if","locations":[{"start":{"line":88,"column":8},"end":{"line":88,"column":8}},{"start":{"line":88,"column":8},"end":{"line":88,"column":8}}]},"5":{"line":97,"type":"if","locations":[{"start":{"line":97,"column":8},"end":{"line":97,"column":8}},{"start":{"line":97,"column":8},"end":{"line":97,"column":8}}]},"6":{"line":98,"type":"if","locations":[{"start":{"line":98,"column":8},"end":{"line":98,"column":8}},{"start":{"line":98,"column":8},"end":{"line":98,"column":8}}]},"7":{"line":99,"type":"if","locations":[{"start":{"line":99,"column":8},"end":{"line":99,"column":8}},{"start":{"line":99,"column":8},"end":{"line":99,"column":8}}]},"8":{"line":100,"type":"if","locations":[{"start":{"line":100,"column":8},"end":{"line":100,"column":8}},{"start":{"line":100,"column":8},"end":{"line":100,"column":8}}]},"9":{"line":115,"type":"if","locations":[{"start":{"line":115,"column":8},"end":{"line":115,"column":8}},{"start":{"line":115,"column":8},"end":{"line":115,"column":8}}]},"10":{"line":117,"type":"if","locations":[{"start":{"line":117,"column":12},"end":{"line":117,"column":12}},{"start":{"line":117,"column":12},"end":{"line":117,"column":12}}]},"11":{"line":119,"type":"if","locations":[{"start":{"line":119,"column":16},"end":{"line":119,"column":16}},{"start":{"line":119,"column":16},"end":{"line":119,"column":16}}]},"12":{"line":135,"type":"if","locations":[{"start":{"line":135,"column":8},"end":{"line":135,"column":8}},{"start":{"line":135,"column":8},"end":{"line":135,"column":8}}]},"13":{"line":136,"type":"if","locations":[{"start":{"line":136,"column":8},"end":{"line":136,"column":8}},{"start":{"line":136,"column":8},"end":{"line":136,"column":8}}]},"14":{"line":137,"type":"if","locations":[{"start":{"line":137,"column":8},"end":{"line":137,"column":8}},{"start":{"line":137,"column":8},"end":{"line":137,"column":8}}]},"15":{"line":153,"type":"if","locations":[{"start":{"line":153,"column":8},"end":{"line":153,"column":8}},{"start":{"line":153,"column":8},"end":{"line":153,"column":8}}]},"16":{"line":154,"type":"if","locations":[{"start":{"line":154,"column":8},"end":{"line":154,"column":8}},{"start":{"line":154,"column":8},"end":{"line":154,"column":8}}]}}}}
