TN:
SF:/Users/rupeshrathore/holydogs/contracts/AbstractWoofGang.sol
FN:18,pause
FN:25,unpause
FNF:2
FNH:2
FNDA:1,pause
FNDA:1,unpause
DA:19,1
DA:26,1
LF:2
LH:2
BRF:0
BRH:0
end_of_record
TN:
SF:/Users/rupeshrathore/holydogs/contracts/IWoofGang.sol
FNF:0
FNH:0
LF:0
LH:0
BRF:0
BRH:0
end_of_record
TN:
SF:/Users/rupeshrathore/holydogs/contracts/Random.sol
FN:11,constructor
FN:16,_getRandomNFTTokenID
FN:22,_getNextRemainingTokenID
FN:28,_getPendingAtIndex
FN:32,_popPendingAtIndex
FN:42,_getRandom
FNF:6
FNH:6
FNDA:4,constructor
FNDA:11,_getRandomNFTTokenID
FNDA:5,_getNextRemainingTokenID
FNDA:27,_getPendingAtIndex
FNDA:16,_popPendingAtIndex
FNDA:11,_getRandom
DA:12,4
DA:13,4
DA:17,11
DA:18,11
DA:19,11
DA:23,5
DA:24,5
DA:25,5
DA:29,27
DA:33,16
DA:34,16
DA:35,11
DA:36,11
DA:38,16
DA:39,16
DA:43,11
DA:51,11
LF:17
LH:17
BRDA:34,1,0,11
BRDA:34,1,1,5
BRF:2
BRH:2
end_of_record
TN:
SF:/Users/rupeshrathore/holydogs/contracts/WoofGang.sol
FN:45,constructor
FN:57,updateBaseURI
FN:67,updateEndTime
FN:77,uri
FN:86,updateMintPrice
FN:95,mint
FN:114,airDrop
FN:133,mintRemainingToOwner
FN:151,withdraw
FN:160,balanceOfContract
FN:169,_beforeTokenTransfer
FNF:11
FNH:11
FNDA:4,constructor
FNDA:3,updateBaseURI
FNDA:5,updateEndTime
FNDA:1,uri
FNDA:3,updateMintPrice
FNDA:7,mint
FNDA:1,airDrop
FNDA:5,mintRemainingToOwner
FNDA:5,withdraw
FNDA:1,balanceOfContract
FNDA:16,_beforeTokenTransfer
DA:46,4
DA:47,4
DA:48,4
DA:49,4
DA:50,4
DA:59,3
DA:60,1
DA:69,5
DA:70,3
DA:71,1
DA:79,1
DA:88,3
DA:89,1
DA:97,7
DA:98,7
DA:99,5
DA:100,3
DA:102,1
DA:103,5
DA:104,5
DA:105,5
DA:106,5
DA:115,1
DA:116,1
DA:117,2
DA:118,2
DA:119,6
DA:120,6
DA:121,6
DA:122,6
DA:123,6
DA:135,5
DA:136,3
DA:137,3
DA:139,1
DA:140,5
DA:141,5
DA:142,5
DA:143,5
DA:153,5
DA:154,3
DA:155,1
DA:162,1
DA:172,16
LF:44
LH:44
BRDA:59,1,0,1
BRDA:59,1,1,2
BRDA:69,2,0,3
BRDA:69,2,1,2
BRDA:70,3,0,1
BRDA:70,3,1,2
BRDA:88,4,0,1
BRDA:88,4,1,2
BRDA:97,5,0,7
BRDA:97,5,1,0
BRDA:98,6,0,5
BRDA:98,6,1,2
BRDA:99,7,0,3
BRDA:99,7,1,2
BRDA:100,8,0,1
BRDA:100,8,1,2
BRDA:115,9,0,1
BRDA:115,9,1,0
BRDA:117,10,0,2
BRDA:117,10,1,0
BRDA:119,11,0,6
BRDA:119,11,1,0
BRDA:135,12,0,3
BRDA:135,12,1,2
BRDA:136,13,0,3
BRDA:136,13,1,0
BRDA:137,14,0,1
BRDA:137,14,1,2
BRDA:153,15,0,3
BRDA:153,15,1,2
BRDA:154,16,0,1
BRDA:154,16,1,2
BRF:32
BRH:27
end_of_record
